<?xml version="1.0" encoding="UTF-8"?>
<beans xmlns="http://www.springframework.org/schema/beans" xmlns:xsi="http://www.w3.org/2001/XMLSchema-instance"
	xsi:schemaLocation="http://www.springframework.org/schema/beans http://www.springframework.org/schema/beans/spring-beans.xsd">

	<import resource="classpath*:/META-INF/spring/batch/bootstrap/manager/env-context.xml" />
	<import resource="classpath*:/META-INF/spring/batch/bootstrap/manager/data-source-context.xml" />
	<import resource="classpath*:/META-INF/spring/batch/bootstrap/manager/execution-context.xml" />
	<import resource="classpath:/test-job-context.xml" />
	
	<bean class="org.springframework.batch.test.JobRepositoryTestUtils">
		<property name="jobRepository">
			<bean class="com.marklogic.spring.batch.core.repository.MarkLogicJobRepository">
				<constructor-arg ref="databaseClient"/>
			</bean>
		</property>
	</bean>
	
	<bean name="databaseClientFactory" class="com.marklogic.client.DatabaseClientFactory.Bean">
   		<property name="host" value="faa"/>
   		<property name="port" value="8200"/>
   		<property name="user" value="admin"/>
   		<property name="password" value="admin"/>
   		<property name="authenticationValue" value="digest"/>
 	</bean>

	<bean id="transactionManager" class="org.springframework.batch.support.transaction.ResourcelessTransactionManager" />

	<bean name="databaseClient" class="com.marklogic.client.DatabaseClient" factory-bean="databaseClientFactory" factory-method="newClient" />

</beans>
